\BOOKMARK [1][-]{section.1}{\376\377\000M\000o\000n\000d\000a\000y}{}% 1
\BOOKMARK [2][-]{subsection.1.1}{\376\377\060\012\213\244\213\306\213\272\123\161\147\072\060\001\142\017\122\147\140\047\123\331\116\213\116\016\171\321\133\146\124\362\133\146\060\013}{section.1}% 2
\BOOKMARK [3][-]{subsubsection.1.1.1}{\376\377\116\300\116\110\146\057\213\244\213\306\213\272\123\161\147\072\377\037}{subsection.1.1}% 3
\BOOKMARK [3][-]{subsubsection.1.1.2}{\376\377\142\017\122\147\140\047\123\331\116\213\060\001\117\040\176\337\116\016\140\000\165\221\213\272}{subsection.1.1}% 4
\BOOKMARK [3][-]{subsubsection.1.1.3}{\376\377\236\246\221\321\154\360\134\024\166\204\171\321\133\146\124\362\133\146}{subsection.1.1}% 5
\BOOKMARK [3][-]{subsubsection.1.1.4}{\376\377\140\073\176\323}{subsection.1.1}% 6
\BOOKMARK [2][-]{subsection.1.2}{\376\377\060\012\133\211\145\257\136\267\131\306\213\272\133\236\215\365\167\345\213\306\116\016\125\204\060\013}{section.1}% 7
\BOOKMARK [3][-]{subsubsection.1.2.1}{\376\377\137\025\212\000}{subsection.1.2}% 8
\BOOKMARK [3][-]{subsubsection.1.2.2}{\376\377\211\304\203\003\225\356\230\230\116\016\133\236\215\365\167\345\213\306\166\204\150\007\121\306\211\343\221\312}{subsection.1.2}% 9
\BOOKMARK [1][-]{section.2}{\376\377\000T\000u\000e\000s\000d\000a\000y}{}% 10
\BOOKMARK [2][-]{subsection.2.1}{\376\377\060\012\162\151\164\006\164\006\213\272\116\016\201\352\161\066\122\006\174\173\060\013}{section.2}% 11
\BOOKMARK [3][-]{subsubsection.2.1.1}{\376\377\162\151\164\006\164\006\213\272\166\204\167\037\133\236\147\054\215\050\124\214\147\204\142\020\144\315\117\134\146\057\116\300\116\110\377\037}{subsection.2.1}% 12
\BOOKMARK [3][-]{subsubsection.2.1.2}{\376\377\162\151\164\006\164\006\213\272\147\011\117\125\145\110\165\050\377\037\164\006\213\272\116\103\140\035\176\364\176\317\155\116}{subsection.2.1}% 13
\BOOKMARK [3][-]{subsubsection.2.1.3}{\376\377\164\006\213\272\116\103\122\006\174\173\133\146}{subsection.2.1}% 14
\BOOKMARK [3][-]{subsubsection.2.1.4}{\376\377\164\006\213\272\215\213\116\216\123\330\116\072\201\352\161\066\122\006\174\173}{subsection.2.1}% 15
\BOOKMARK [3][-]{subsubsection.2.1.5}{\376\377\164\006\213\272\230\204\155\113\133\236\232\214}{subsection.2.1}% 16
\BOOKMARK [3][-]{subsubsection.2.1.6}{\376\377\140\073\176\323}{subsection.2.1}% 17
\BOOKMARK [2][-]{subsection.2.2}{\376\377\060\012\210\150\137\201\140\047\164\006\213\272\116\016\162\151\164\006\133\146\123\362\060\013}{section.2}% 18
\BOOKMARK [3][-]{subsubsection.2.2.1}{\376\377\201\352\161\066\122\006\174\173\116\016\211\343\221\312\127\050\162\151\164\006\164\006\213\272\157\024\123\026\116\055\166\204\117\134\165\050}{subsection.2.2}% 19
\BOOKMARK [3][-]{subsubsection.2.2.2}{\376\377\162\151\164\006\133\146\133\266\121\163\116\216\162\151\164\006\164\006\213\272\116\113\147\054\215\050\166\204\211\302\160\271}{subsection.2.2}% 20
\BOOKMARK [1][-]{section.3}{\376\377\000W\000e\000d\000n\000e\000s\000d\000a\000y}{}% 21
\BOOKMARK [2][-]{subsection.3.1}{\376\377\060\012\117\134\116\072\171\321\133\146\164\006\213\272\166\204\133\236\215\365\140\035\140\363\060\013}{section.3}% 22
\BOOKMARK [3][-]{subsubsection.3.1.1}{\376\377\137\025\212\000}{subsection.3.1}% 23
\BOOKMARK [3][-]{subsubsection.3.1.2}{\376\377\116\232\221\314\130\353\131\032\137\267\137\017\166\204\133\236\215\365\140\035\140\363}{subsection.3.1}% 24
\BOOKMARK [3][-]{subsubsection.3.1.3}{\376\377\000D\000u\000h\000e\000m\127\050\000A\000S\116\055\133\371\171\321\133\146\133\236\215\365\140\035\140\363\166\204\143\317\217\360}{subsection.3.1}% 25
\BOOKMARK [3][-]{subsubsection.3.1.4}{\376\377\176\323\213\272}{subsection.3.1}% 26
\BOOKMARK [1][-]{section.4}{\376\377\000T\000h\000u\000r\000s\000d\000a\000y}{}% 27
\BOOKMARK [2][-]{subsection.4.1}{\376\377\060\012\126\340\147\234\140\047\116\016\121\263\133\232\213\272\060\013}{section.4}% 28
